<?xml version="1.0" encoding="UTF-8"?>
<testsuite name="TestStage4" tests="1" skipped="0" failures="0" errors="0" timestamp="2022-11-11T20:12:24" hostname="DESKTOP-JA25RKB" time="3.704">
  <properties/>
  <testcase name="start" classname="TestStage4" time="3.704"/>
  <system-out><![CDATA[?[1;31m
Start test 1?[0m
The username is Max.
?[1;31m
Start test 2?[0m
The file 'abc.txt' is tracked.
?[1;31m
Start test 3?[0m
These are SVCS commands:
config     Get and set a username.
add        Add a file to the index.
log        Show commit logs.
commit     Save changes.
checkout   Restore a file.
These are SVCS commands:
config     Get and set a username.
add        Add a file to the index.
log        Show commit logs.
commit     Save changes.
checkout   Restore a file.
?[1;31m
Start test 4?[0m
Please, tell me who you are.
The username is Max.
The username is Max.
The username is John.
The username is John.
?[1;31m
Start test 5?[0m
Add a file to the index.
The file 'file468.txt' is tracked.
Tracked files:
file468.txt
The file 'file987.txt' is tracked.
Tracked files:
file468.txt
file987.txt
Can't find 'file506.txt'.
?[1;31m
Start test 6?[0m
The username is Sofie743.
The file 'first_file.txt' is tracked.
The file 'second_file.txt' is tracked.
Changes are committed.
?[1;31m
Start test 7?[0m
The username is Anna14.
The file 'first_file.txt' is tracked.
The file 'second_file.txt' is tracked.
No commits yet.
Message was not passed.
Changes are committed.
commit -2131112738
Author: Anna14
Test message


Nothing to commit.
Changes are committed.
commit 864466866
Author: Anna14
Test message3

commit -2131112738
Author: Anna14
Test message


?[1;31m
Start test 8?[0m
The username is Christine773.
The file 'first_file.txt' is tracked.
The file 'second_file.txt' is tracked.
Changes are committed.
Changes are committed.
Commit id was not passed.
Commit does not exist.
commit -1420979045
Author: Christine773
Second commit

commit -210843406
Author: Christine773
First commit


Switched to commit -210843406.
?[1;31m
Start test 9?[0m
'wrongArg917' is not a SVCS command.
]]></system-out>
  <system-err><![CDATA[]]></system-err>
</testsuite>
